<?xml version="1.0" encoding="utf-8"?><testsuites name="pytest tests"><testsuite name="pytest" errors="0" failures="1" skipped="0" tests="29" time="3.545" timestamp="2026-06-14T13:06:09.755305+00:00" hostname="agent-env-d10af45a-f56a-4f61-a689-a441cd095b97"><testcase classname="backend.tests.test_iteration_5.TestPublicSEO" name="test_homepage_200_and_jsonld" time="0.162" /><testcase classname="backend.tests.test_iteration_5.TestPublicSEO" name="test_sitemap_contains_brand_entries" time="0.129"><failure message="AssertionError: BUG: expected &gt;=3 brand URLs in /sitemap.xml, found 0. Router serves sitemap-xml.php which lacks brand entries.&#10;assert 0 &gt;= 3&#10; +  where 0 = len([])">E   AssertionError: BUG: expected &gt;=3 brand URLs in /sitemap.xml, found 0. Router serves sitemap-xml.php which lacks brand entries.
    assert 0 &gt;= 3
     +  where 0 = len([])</failure></testcase><testcase classname="backend.tests.test_iteration_5.TestPublicSEO" name="test_sitemap_uses_dynamic_host" time="0.102" /><testcase classname="backend.tests.test_iteration_5.TestPublicSEO" name="test_robots_dynamic_via_localhost" time="0.005" /><testcase classname="backend.tests.test_iteration_5.TestBrandPages" name="test_brand_page_200[microsoft-Microsoft Software-30]" time="0.103" /><testcase classname="backend.tests.test_iteration_5.TestBrandPages" name="test_brand_page_200[bitdefender-Bitdefender Software-6]" time="0.104" /><testcase classname="backend.tests.test_iteration_5.TestBrandPages" name="test_brand_page_200[mcafee-McAfee Software-1]" time="0.103" /><testcase classname="backend.tests.test_iteration_5.TestBrandPages" name="test_brand_nonexistent_404" time="0.098" /><testcase classname="backend.tests.test_iteration_5.TestBrandPages" name="test_brand_articles_empty_state" time="0.123" /><testcase classname="backend.tests.test_iteration_5.TestBrandPages" name="test_brand_articles_populated" time="0.361" /><testcase classname="backend.tests.test_iteration_5.TestProductBrandLink" name="test_product_has_brand_breadcrumb_link" time="0.108" /><testcase classname="backend.tests.test_iteration_5.TestAdmin" name="test_admin_login_works" time="0.250" /><testcase classname="backend.tests.test_iteration_5.TestAdmin" name="test_all_admin_tabs[dashboard]" time="0.088" /><testcase classname="backend.tests.test_iteration_5.TestAdmin" name="test_all_admin_tabs[products]" time="0.090" /><testcase classname="backend.tests.test_iteration_5.TestAdmin" name="test_all_admin_tabs[orders]" time="0.083" /><testcase classname="backend.tests.test_iteration_5.TestAdmin" name="test_all_admin_tabs[company]" time="0.087" /><testcase classname="backend.tests.test_iteration_5.TestAdmin" name="test_all_admin_tabs[regions]" time="0.081" /><testcase classname="backend.tests.test_iteration_5.TestAdmin" name="test_all_admin_tabs[leads]" time="0.094" /><testcase classname="backend.tests.test_iteration_5.TestAdmin" name="test_all_admin_tabs[emails]" time="0.084" /><testcase classname="backend.tests.test_iteration_5.TestAdmin" name="test_all_admin_tabs[reviews]" time="0.087" /><testcase classname="backend.tests.test_iteration_5.TestAdmin" name="test_all_admin_tabs[templates]" time="0.089" /><testcase classname="backend.tests.test_iteration_5.TestAdmin" name="test_all_admin_tabs[gateways]" time="0.083" /><testcase classname="backend.tests.test_iteration_5.TestAdmin" name="test_all_admin_tabs[smtp]" time="0.081" /><testcase classname="backend.tests.test_iteration_5.TestAdmin" name="test_all_admin_tabs[seo]" time="0.145" /><testcase classname="backend.tests.test_iteration_5.TestAdmin" name="test_seo_tab_subtext" time="0.142" /><testcase classname="backend.tests.test_iteration_5.TestAdmin" name="test_no_budget_alert" time="0.145" /><testcase classname="backend.tests.test_iteration_5.TestAdmin" name="test_feed_pagination_page1" time="0.152" /><testcase classname="backend.tests.test_iteration_5.TestAdmin" name="test_feed_pagination_page2" time="0.139" /><testcase classname="backend.tests.test_iteration_5.TestBlogPostLink" name="test_blog_post_for_seeded_id_or_existing" time="0.130" /></testsuite></testsuites>