<?xml version="1.0" encoding="utf-8"?><testsuites name="pytest tests"><testsuite name="pytest" errors="0" failures="0" skipped="0" tests="27" time="2.201" timestamp="2026-06-14T12:43:36.168447+00:00" hostname="agent-env-d10af45a-f56a-4f61-a689-a441cd095b97"><testcase classname="backend.tests.test_iteration_4" name="test_homepage_renders_without_php_errors" time="0.140" /><testcase classname="backend.tests.test_iteration_4" name="test_public_product_page_renders" time="0.148" /><testcase classname="backend.tests.test_iteration_4" name="test_product_articles_section_absent_when_no_articles" time="0.110" /><testcase classname="backend.tests.test_iteration_4" name="test_blog_post_12_renders" time="0.104" /><testcase classname="backend.tests.test_iteration_4" name="test_admin_login_succeeds" time="0.253" /><testcase classname="backend.tests.test_iteration_4" name="test_admin_tab_loads_ok[dashboard]" time="0.099" /><testcase classname="backend.tests.test_iteration_4" name="test_admin_tab_loads_ok[products]" time="0.100" /><testcase classname="backend.tests.test_iteration_4" name="test_admin_tab_loads_ok[orders]" time="0.110" /><testcase classname="backend.tests.test_iteration_4" name="test_admin_tab_loads_ok[company]" time="0.091" /><testcase classname="backend.tests.test_iteration_4" name="test_admin_tab_loads_ok[regions]" time="0.086" /><testcase classname="backend.tests.test_iteration_4" name="test_admin_tab_loads_ok[leads]" time="0.116" /><testcase classname="backend.tests.test_iteration_4" name="test_admin_tab_loads_ok[emails]" time="0.089" /><testcase classname="backend.tests.test_iteration_4" name="test_admin_tab_loads_ok[reviews]" time="0.090" /><testcase classname="backend.tests.test_iteration_4" name="test_admin_tab_loads_ok[templates]" time="0.083" /><testcase classname="backend.tests.test_iteration_4" name="test_admin_tab_loads_ok[gateways]" time="0.083" /><testcase classname="backend.tests.test_iteration_4" name="test_admin_tab_loads_ok[smtp]" time="0.088" /><testcase classname="backend.tests.test_iteration_4" name="test_admin_tab_loads_ok[seo]" time="0.157" /><testcase classname="backend.tests.test_iteration_4" name="test_seo_hero_has_quick_publish_button" time="0.167" /><testcase classname="backend.tests.test_iteration_4" name="test_seo_hero_has_publish_batch_button" time="0.000" /><testcase classname="backend.tests.test_iteration_4" name="test_seo_quick_publish_form_action" time="0.000" /><testcase classname="backend.tests.test_iteration_4" name="test_seo_publish_batch_form_action" time="0.000" /><testcase classname="backend.tests.test_iteration_4" name="test_seo_hero_today_counter_format" time="0.000" /><testcase classname="backend.tests.test_iteration_4" name="test_seo_hero_market_list_text" time="0.000" /><testcase classname="backend.tests.test_iteration_4" name="test_admin_shell_has_scrollintoview_js" time="0.000" /><testcase classname="backend.tests.test_iteration_4" name="test_seo_ai_publish_one_random_function_exists" time="0.000" /><testcase classname="backend.tests.test_iteration_4" name="test_seo_quick_publish_handler_calls_one_random" time="0.001" /><testcase classname="backend.tests.test_iteration_4" name="test_seo_publish_batch_handler_calls_daily_blog" time="0.002" /></testsuite></testsuites>