<?xml version="1.0" encoding="utf-8"?><testsuites name="pytest tests"><testsuite name="pytest" errors="0" failures="0" skipped="0" tests="36" time="3.480" timestamp="2026-06-14T13:16:27.226514+00:00" hostname="agent-env-d10af45a-f56a-4f61-a689-a441cd095b97"><testcase classname="backend.tests.test_iteration_6.TestArticlesPublic" name="test_articles_index_200" time="0.319" /><testcase classname="backend.tests.test_iteration_6.TestArticlesPublic" name="test_chips_all_5_regions" time="0.080" /><testcase classname="backend.tests.test_iteration_6.TestArticlesPublic" name="test_region_filter_us_200" time="0.064" /><testcase classname="backend.tests.test_iteration_6.TestArticlesPublic" name="test_search_q_office_200" time="0.066" /><testcase classname="backend.tests.test_iteration_6.TestArticlesPublic" name="test_region_and_search_combined_200" time="0.055" /><testcase classname="backend.tests.test_iteration_6.TestArticlesPublic" name="test_page2_returns_200" time="0.056" /><testcase classname="backend.tests.test_iteration_6.TestArticlesEmptyState" name="test_empty_state_rendered_when_no_rows" time="0.061" /><testcase classname="backend.tests.test_iteration_6.TestArticlesEmptyState" name="test_empty_state_browse_button_links_to_articles_unfiltered" time="0.057" /><testcase classname="backend.tests.test_iteration_6.TestArticlesJsonLd" name="test_collectionpage_and_breadcrumb_present" time="0.052" /><testcase classname="backend.tests.test_iteration_6.TestArticlesJsonLd" name="test_itemlist_numberofitems_matches_total" time="0.061" /><testcase classname="backend.tests.test_iteration_6.TestSitemap" name="test_sitemap_contains_articles_php" time="0.050" /><testcase classname="backend.tests.test_iteration_6.TestSitemap" name="test_sitemap_brand_entries_regression" time="0.049" /><testcase classname="backend.tests.test_iteration_6.TestNavArticles" name="test_nav_articles_link_present[/]" time="0.056" /><testcase classname="backend.tests.test_iteration_6.TestNavArticles" name="test_nav_articles_link_present[/index.php]" time="0.063" /><testcase classname="backend.tests.test_iteration_6.TestNavArticles" name="test_nav_articles_link_present[/shop.php]" time="0.072" /><testcase classname="backend.tests.test_iteration_6.TestNavArticles" name="test_nav_articles_link_present[/blog.php]" time="0.054" /><testcase classname="backend.tests.test_iteration_6.TestNavArticles" name="test_nav_articles_link_present[/product.php?slug=microsoft-office-2024-professional-plus-windows]" time="0.058" /><testcase classname="backend.tests.test_iteration_6.TestArticlesGridWithSeed" name="test_grid_renders_after_seed" time="0.079" /><testcase classname="backend.tests.test_iteration_6.TestArticlesGridWithSeed" name="test_pagination_renders_when_total_gt_12" time="0.055" /><testcase classname="backend.tests.test_iteration_6.TestArticlesGridWithSeed" name="test_page2_pagination_returns_remaining" time="0.052" /><testcase classname="backend.tests.test_iteration_6.TestArticlesGridWithSeed" name="test_region_filter_uk_only_shows_uk_articles" time="0.051" /><testcase classname="backend.tests.test_iteration_6.TestArticlesGridWithSeed" name="test_search_filter_returns_matching_titles" time="0.054" /><testcase classname="backend.tests.test_iteration_6.TestAdminRegression" name="test_admin_tabs_200[dashboard]" time="0.514" /><testcase classname="backend.tests.test_iteration_6.TestAdminRegression" name="test_admin_tabs_200[orders]" time="0.089" /><testcase classname="backend.tests.test_iteration_6.TestAdminRegression" name="test_admin_tabs_200[products]" time="0.092" /><testcase classname="backend.tests.test_iteration_6.TestAdminRegression" name="test_admin_tabs_200[categories]" time="0.091" /><testcase classname="backend.tests.test_iteration_6.TestAdminRegression" name="test_admin_tabs_200[blog]" time="0.089" /><testcase classname="backend.tests.test_iteration_6.TestAdminRegression" name="test_admin_tabs_200[reviews]" time="0.087" /><testcase classname="backend.tests.test_iteration_6.TestAdminRegression" name="test_admin_tabs_200[customers]" time="0.086" /><testcase classname="backend.tests.test_iteration_6.TestAdminRegression" name="test_admin_tabs_200[leads]" time="0.093" /><testcase classname="backend.tests.test_iteration_6.TestAdminRegression" name="test_admin_tabs_200[email]" time="0.086" /><testcase classname="backend.tests.test_iteration_6.TestAdminRegression" name="test_admin_tabs_200[settings]" time="0.097" /><testcase classname="backend.tests.test_iteration_6.TestAdminRegression" name="test_admin_tabs_200[seo]" time="0.158" /><testcase classname="backend.tests.test_iteration_6.TestAdminRegression" name="test_admin_tabs_200[ai]" time="0.093" /><testcase classname="backend.tests.test_iteration_6.TestAdminRegression" name="test_admin_seo_tab_has_feed" time="0.156" /><testcase classname="backend.tests.test_iteration_6.TestAdminRegression" name="test_brand_microsoft_still_loads" time="0.080" /></testsuite></testsuites>